Flow report for DigitalClock
Sat Mar 09 21:09:46 2019
Quartus II Version 9.1 Build 222 10/21/2009 SJ Full Version


---------------------
; Table of Contents ;
---------------------
  1. Legal Notice
  2. Flow Summary
  3. Flow Settings
  4. Flow Non-Default Global Settings
  5. Flow Elapsed Time
  6. Flow OS Summary
  7. Flow Log



----------------
; Legal Notice ;
----------------
Copyright (C) 1991-2009 Altera Corporation
Your use of Altera Corporation's design tools, logic functions 
and other software and tools, and its AMPP partner logic 
functions, and any output files from any of the foregoing 
(including device programming or simulation files), and any 
associated documentation or information are expressly subject 
to the terms and conditions of the Altera Program License 
Subscription Agreement, Altera MegaCore Function License 
Agreement, or other applicable license agreement, including, 
without limitation, that your use is for the sole purpose of 
programming logic devices manufactured by Altera and sold by 
Altera or its authorized distributors.  Please refer to the 
applicable agreement for further details.



+--------------------------------------------------------------------+
; Flow Summary                                                       ;
+-------------------------+------------------------------------------+
; Flow Status             ; Successful - Sat Mar 09 21:09:45 2019    ;
; Quartus II Version      ; 9.1 Build 222 10/21/2009 SJ Full Version ;
; Revision Name           ; DigitalClock                             ;
; Top-level Entity Name   ; DigitalClock                             ;
; Family                  ; MAX7000S                                 ;
; Device                  ; EPM7128SLC84-15                          ;
; Timing Models           ; Final                                    ;
; Met timing requirements ; Yes                                      ;
; Total macrocells        ; 63 / 128 ( 49 % )                        ;
; Total pins              ; 7 / 68 ( 10 % )                          ;
+-------------------------+------------------------------------------+


+-----------------------------------------+
; Flow Settings                           ;
+-------------------+---------------------+
; Option            ; Setting             ;
+-------------------+---------------------+
; Start date & time ; 03/09/2019 21:09:35 ;
; Main task         ; Compilation         ;
; Revision Name     ; DigitalClock        ;
+-------------------+---------------------+


+------------------------------------------------------------------------------------------------------------+
; Flow Non-Default Global Settings                                                                           ;
+------------------------------+----------------------------------+---------------+-------------+------------+
; Assignment Name              ; Value                            ; Default Value ; Entity Name ; Section Id ;
+------------------------------+----------------------------------+---------------+-------------+------------+
; COMPILER_SIGNATURE_ID        ; 2200299517014.155213697507756    ; --            ; --          ; --         ;
; MAX_CORE_JUNCTION_TEMP       ; 85                               ; --            ; --          ; --         ;
; MIN_CORE_JUNCTION_TEMP       ; 0                                ; --            ; --          ; --         ;
; MISC_FILE                    ; G:/DigitalClock/DigitalClock.dpf ; --            ; --          ; --         ;
; MISC_FILE                    ; H:/DigitalClock/DigitalClock.dpf ; --            ; --          ; --         ;
; OPTIMIZE_MULTI_CORNER_TIMING ; Off                              ; On            ; --          ; --         ;
; PROJECT_OUTPUT_DIRECTORY     ; output_files                     ; --            ; --          ; --         ;
+------------------------------+----------------------------------+---------------+-------------+------------+


+-----------------------------------------------------------------------------------------------------------------------------+
; Flow Elapsed Time                                                                                                           ;
+-------------------------+--------------+-------------------------+---------------------+------------------------------------+
; Module Name             ; Elapsed Time ; Average Processors Used ; Peak Virtual Memory ; Total CPU Time (on all processors) ;
+-------------------------+--------------+-------------------------+---------------------+------------------------------------+
; Analysis & Synthesis    ; 00:00:03     ; 1.0                     ; 215 MB              ; 00:00:02                           ;
; Fitter                  ; 00:00:01     ; 1.0                     ; 169 MB              ; 00:00:01                           ;
; Assembler               ; 00:00:01     ; 1.0                     ; 169 MB              ; 00:00:00                           ;
; Classic Timing Analyzer ; 00:00:01     ; 1.0                     ; 142 MB              ; 00:00:01                           ;
; Total                   ; 00:00:06     ; --                      ; --                  ; 00:00:04                           ;
+-------------------------+--------------+-------------------------+---------------------+------------------------------------+


+------------------------------------------------------------------------------------------+
; Flow OS Summary                                                                          ;
+-------------------------+------------------+---------------+------------+----------------+
; Module Name             ; Machine Hostname ; OS Name       ; OS Version ; Processor type ;
+-------------------------+------------------+---------------+------------+----------------+
; Analysis & Synthesis    ; SHD4-24          ; Windows Vista ; 6.1        ; i686           ;
; Fitter                  ; SHD4-24          ; Windows Vista ; 6.1        ; i686           ;
; Assembler               ; SHD4-24          ; Windows Vista ; 6.1        ; i686           ;
; Classic Timing Analyzer ; SHD4-24          ; Windows Vista ; 6.1        ; i686           ;
+-------------------------+------------------+---------------+------------+----------------+


------------
; Flow Log ;
------------
quartus_map --read_settings_files=on --write_settings_files=off DigitalClock -c DigitalClock
quartus_fit --read_settings_files=off --write_settings_files=off DigitalClock -c DigitalClock
quartus_asm --read_settings_files=off --write_settings_files=off DigitalClock -c DigitalClock
quartus_tan --read_settings_files=off --write_settings_files=off DigitalClock -c DigitalClock



