Flow report for e_clock
Fri Mar 29 11:10:49 2019
Quartus II Version 9.1 Build 222 10/21/2009 SJ Full Version


---------------------
; Table of Contents ;
---------------------
  1. Legal Notice
  2. Flow Summary
  3. Flow Settings
  4. Flow Non-Default Global Settings
  5. Flow Elapsed Time
  6. Flow OS Summary
  7. Flow Log



----------------
; Legal Notice ;
----------------
Copyright (C) 1991-2009 Altera Corporation
Your use of Altera Corporation's design tools, logic functions 
and other software and tools, and its AMPP partner logic 
functions, and any output files from any of the foregoing 
(including device programming or simulation files), and any 
associated documentation or information are expressly subject 
to the terms and conditions of the Altera Program License 
Subscription Agreement, Altera MegaCore Function License 
Agreement, or other applicable license agreement, including, 
without limitation, that your use is for the sole purpose of 
programming logic devices manufactured by Altera and sold by 
Altera or its authorized distributors.  Please refer to the 
applicable agreement for further details.



+--------------------------------------------------------------------+
; Flow Summary                                                       ;
+-------------------------+------------------------------------------+
; Flow Status             ; Successful - Fri Mar 29 11:10:49 2019    ;
; Quartus II Version      ; 9.1 Build 222 10/21/2009 SJ Full Version ;
; Revision Name           ; e_clock                                  ;
; Top-level Entity Name   ; e_clock                                  ;
; Family                  ; MAX7000S                                 ;
; Device                  ; EPM7128SLC84-15                          ;
; Timing Models           ; Final                                    ;
; Met timing requirements ; No                                       ;
; Total macrocells        ; 120 / 128 ( 94 % )                       ;
; Total pins              ; 44 / 68 ( 65 % )                         ;
+-------------------------+------------------------------------------+


+-----------------------------------------+
; Flow Settings                           ;
+-------------------+---------------------+
; Option            ; Setting             ;
+-------------------+---------------------+
; Start date & time ; 03/29/2019 11:10:43 ;
; Main task         ; Compilation         ;
; Revision Name     ; e_clock             ;
+-------------------+---------------------+


+------------------------------------------------------------------------------------------------------------------------------------------------------------+
; Flow Non-Default Global Settings                                                                                                                           ;
+------------------------------------+------------------------------------------------------------------------+---------------+-------------+----------------+
; Assignment Name                    ; Value                                                                  ; Default Value ; Entity Name ; Section Id     ;
+------------------------------------+------------------------------------------------------------------------+---------------+-------------+----------------+
; COMPILER_SIGNATURE_ID              ; 2200299517014.155382904204644                                          ; --            ; --          ; --             ;
; IP_TOOL_NAME                       ; LPM_COMPARE                                                            ; --            ; --          ; --             ;
; IP_TOOL_NAME                       ; LPM_COMPARE                                                            ; --            ; --          ; --             ;
; IP_TOOL_NAME                       ; LPM_COMPARE                                                            ; --            ; --          ; --             ;
; IP_TOOL_VERSION                    ; 9.1                                                                    ; --            ; --          ; --             ;
; IP_TOOL_VERSION                    ; 9.1                                                                    ; --            ; --          ; --             ;
; IP_TOOL_VERSION                    ; 9.1                                                                    ; --            ; --          ; --             ;
; MAX_CORE_JUNCTION_TEMP             ; 85                                                                     ; --            ; --          ; --             ;
; MIN_CORE_JUNCTION_TEMP             ; 0                                                                      ; --            ; --          ; --             ;
; MISC_FILE                          ; C:/Users/Administrator/Desktop/e_clock/e_clock.dpf                     ; --            ; --          ; --             ;
; MISC_FILE                          ; G:/e_clock/e_clock/e_clock.dpf                                         ; --            ; --          ; --             ;
; MISC_FILE                          ; C:/Users/Administrator/Desktop/e_clock/e_clock/e_clock.dpf             ; --            ; --          ; --             ;
; MISC_FILE                          ; C:/Users/Administrator/Desktop/Arduino-sse/e_clock/e_clock/e_clock.dpf ; --            ; --          ; --             ;
; MISC_FILE                          ; lpm_compare0.tdf                                                       ; --            ; --          ; --             ;
; MISC_FILE                          ; lpm_compare0.bsf                                                       ; --            ; --          ; --             ;
; MISC_FILE                          ; lpm_compare1.bsf                                                       ; --            ; --          ; --             ;
; MISC_FILE                          ; lpm_compare2.bsf                                                       ; --            ; --          ; --             ;
; MISC_FILE                          ; C:/Users/Administrator/Desktop/e_clock-master/e_clock.dpf              ; --            ; --          ; --             ;
; MISC_FILE                          ; C:/Users/Administrator/Desktop/ssss/e_clock-master/e_clock.dpf         ; --            ; --          ; --             ;
; MISC_FILE                          ; G:/ssss/e_clock-master/e_clock.dpf                                     ; --            ; --          ; --             ;
; MISC_FILE                          ; C:/Users/Administrator/Desktop/e_clock29/e_clock.dpf                   ; --            ; --          ; --             ;
; OPTIMIZE_MULTI_CORNER_TIMING       ; Off                                                                    ; On            ; --          ; --             ;
; SAVE_DISK_SPACE                    ; Off                                                                    ; On            ; --          ; --             ;
; USE_GENERATED_PHYSICAL_CONSTRAINTS ; Off                                                                    ; --            ; --          ; eda_blast_fpga ;
+------------------------------------+------------------------------------------------------------------------+---------------+-------------+----------------+


+-----------------------------------------------------------------------------------------------------------------------------+
; Flow Elapsed Time                                                                                                           ;
+-------------------------+--------------+-------------------------+---------------------+------------------------------------+
; Module Name             ; Elapsed Time ; Average Processors Used ; Peak Virtual Memory ; Total CPU Time (on all processors) ;
+-------------------------+--------------+-------------------------+---------------------+------------------------------------+
; Analysis & Synthesis    ; 00:00:03     ; 1.0                     ; 220 MB              ; 00:00:02                           ;
; Fitter                  ; 00:00:01     ; 1.0                     ; 166 MB              ; 00:00:01                           ;
; Assembler               ; 00:00:01     ; 1.0                     ; 166 MB              ; 00:00:00                           ;
; Classic Timing Analyzer ; 00:00:01     ; 1.0                     ; 141 MB              ; 00:00:01                           ;
; Total                   ; 00:00:06     ; --                      ; --                  ; 00:00:04                           ;
+-------------------------+--------------+-------------------------+---------------------+------------------------------------+


+------------------------------------------------------------------------------------------+
; Flow OS Summary                                                                          ;
+-------------------------+------------------+---------------+------------+----------------+
; Module Name             ; Machine Hostname ; OS Name       ; OS Version ; Processor type ;
+-------------------------+------------------+---------------+------------+----------------+
; Analysis & Synthesis    ; SHD4-7           ; Windows Vista ; 6.1        ; i686           ;
; Fitter                  ; SHD4-7           ; Windows Vista ; 6.1        ; i686           ;
; Assembler               ; SHD4-7           ; Windows Vista ; 6.1        ; i686           ;
; Classic Timing Analyzer ; SHD4-7           ; Windows Vista ; 6.1        ; i686           ;
+-------------------------+------------------+---------------+------------+----------------+


------------
; Flow Log ;
------------
quartus_map --read_settings_files=on --write_settings_files=off e_clock -c e_clock
quartus_fit --read_settings_files=off --write_settings_files=off e_clock -c e_clock
quartus_asm --read_settings_files=off --write_settings_files=off e_clock -c e_clock
quartus_tan --read_settings_files=off --write_settings_files=off e_clock -c e_clock



