Analysis & Synthesis report for e_clock
Fri Mar 29 13:14:39 2019
Quartus II Version 9.1 Build 222 10/21/2009 SJ Full Version


---------------------
; Table of Contents ;
---------------------
  1. Legal Notice
  2. Analysis & Synthesis Summary
  3. Analysis & Synthesis Settings
  4. Parallel Compilation
  5. Analysis & Synthesis Source Files Read
  6. Source assignments for SoundCtr:inst31|DigitalClock:inst15|lpm_counter:clk_rtl_0
  7. Parameter Settings for User Entity Instance: SoundCtr:inst31|lpm_compare1:inst20|lpm_compare:lpm_compare_component
  8. Parameter Settings for User Entity Instance: SoundCtr:inst31|lpm_compare0:inst|lpm_compare:lpm_compare_component
  9. Parameter Settings for User Entity Instance: SoundCtr:inst31|lpm_compare2:inst19|lpm_compare:lpm_compare_component
 10. Parameter Settings for User Entity Instance: time_core:inst10|lpm_compare2:inst19|lpm_compare:lpm_compare_component
 11. Parameter Settings for User Entity Instance: time_core:inst10|lpm_compare1:inst20|lpm_compare:lpm_compare_component
 12. Parameter Settings for User Entity Instance: time_core:inst8|lpm_compare2:inst19|lpm_compare:lpm_compare_component
 13. Parameter Settings for User Entity Instance: time_core:inst8|lpm_compare1:inst20|lpm_compare:lpm_compare_component
 14. Parameter Settings for Inferred Entity Instance: SoundCtr:inst31|DigitalClock:inst15|lpm_counter:clk_rtl_0
 15. Analysis & Synthesis Messages



----------------
; Legal Notice ;
----------------
Copyright (C) 1991-2009 Altera Corporation
Your use of Altera Corporation's design tools, logic functions 
and other software and tools, and its AMPP partner logic 
functions, and any output files from any of the foregoing 
(including device programming or simulation files), and any 
associated documentation or information are expressly subject 
to the terms and conditions of the Altera Program License 
Subscription Agreement, Altera MegaCore Function License 
Agreement, or other applicable license agreement, including, 
without limitation, that your use is for the sole purpose of 
programming logic devices manufactured by Altera and sold by 
Altera or its authorized distributors.  Please refer to the 
applicable agreement for further details.



+------------------------------------------------------------------------+
; Analysis & Synthesis Summary                                           ;
+-----------------------------+------------------------------------------+
; Analysis & Synthesis Status ; Failed - Fri Mar 29 13:14:39 2019        ;
; Quartus II Version          ; 9.1 Build 222 10/21/2009 SJ Full Version ;
; Revision Name               ; e_clock                                  ;
; Top-level Entity Name       ; e_clock                                  ;
; Family                      ; MAX7000S                                 ;
+-----------------------------+------------------------------------------+


+--------------------------------------------------------------------------------------------------------------+
; Analysis & Synthesis Settings                                                                                ;
+----------------------------------------------------------------------------+-----------------+---------------+
; Option                                                                     ; Setting         ; Default Value ;
+----------------------------------------------------------------------------+-----------------+---------------+
; Device                                                                     ; EPM7128SLC84-15 ;               ;
; Top-level entity name                                                      ; e_clock         ; e_clock       ;
; Family name                                                                ; MAX7000S        ; Cyclone IV GX ;
; Preserve fewer node names                                                  ; Off             ; On            ;
; Use Generated Physical Constraints File                                    ; Off             ;               ;
; Use smart compilation                                                      ; Off             ; Off           ;
; Enable parallel Assembler and TimeQuest Timing Analyzer during compilation ; On              ; On            ;
; Enable compact report table                                                ; Off             ; Off           ;
; Create Debugging Nodes for IP Cores                                        ; Off             ; Off           ;
; Disable OpenCore Plus hardware evaluation                                  ; Off             ; Off           ;
; Verilog Version                                                            ; Verilog_2001    ; Verilog_2001  ;
; VHDL Version                                                               ; VHDL_1993       ; VHDL_1993     ;
; State Machine Processing                                                   ; Auto            ; Auto          ;
; Safe State Machine                                                         ; Off             ; Off           ;
; Extract Verilog State Machines                                             ; On              ; On            ;
; Extract VHDL State Machines                                                ; On              ; On            ;
; Ignore Verilog initial constructs                                          ; Off             ; Off           ;
; Iteration limit for constant Verilog loops                                 ; 5000            ; 5000          ;
; Iteration limit for non-constant Verilog loops                             ; 250             ; 250           ;
; Add Pass-Through Logic to Inferred RAMs                                    ; On              ; On            ;
; Parallel Synthesis                                                         ; On              ; On            ;
; NOT Gate Push-Back                                                         ; On              ; On            ;
; Power-Up Don't Care                                                        ; On              ; On            ;
; Remove Duplicate Registers                                                 ; On              ; On            ;
; Ignore CARRY Buffers                                                       ; Off             ; Off           ;
; Ignore CASCADE Buffers                                                     ; Off             ; Off           ;
; Ignore GLOBAL Buffers                                                      ; Off             ; Off           ;
; Ignore ROW GLOBAL Buffers                                                  ; Off             ; Off           ;
; Ignore LCELL Buffers                                                       ; Auto            ; Auto          ;
; Ignore SOFT Buffers                                                        ; Off             ; Off           ;
; Limit AHDL Integers to 32 Bits                                             ; Off             ; Off           ;
; Optimization Technique                                                     ; Speed           ; Speed         ;
; Allow XOR Gate Usage                                                       ; On              ; On            ;
; Auto Logic Cell Insertion                                                  ; On              ; On            ;
; Parallel Expander Chain Length                                             ; 4               ; 4             ;
; Auto Parallel Expanders                                                    ; On              ; On            ;
; Auto Open-Drain Pins                                                       ; On              ; On            ;
; Auto Resource Sharing                                                      ; Off             ; Off           ;
; Maximum Fan-in Per Macrocell                                               ; 100             ; 100           ;
; Use LogicLock Constraints during Resource Balancing                        ; On              ; On            ;
; Ignore translate_off and synthesis_off directives                          ; Off             ; Off           ;
; Show Parameter Settings Tables in Synthesis Report                         ; On              ; On            ;
; HDL message level                                                          ; Level2          ; Level2        ;
; Suppress Register Optimization Related Messages                            ; Off             ; Off           ;
; Number of Removed Registers Reported in Synthesis Report                   ; 5000            ; 5000          ;
; Number of Inverted Registers Reported in Synthesis Report                  ; 100             ; 100           ;
; Block Design Naming                                                        ; Auto            ; Auto          ;
; Synthesis Effort                                                           ; Auto            ; Auto          ;
; Shift Register Replacement - Allow Asynchronous Clear Signal               ; On              ; On            ;
; Analysis & Synthesis Message Level                                         ; Medium          ; Medium        ;
; Disable Register Merging Across Hierarchies                                ; Auto            ; Auto          ;
+----------------------------------------------------------------------------+-----------------+---------------+


+------------------------------------------+
; Parallel Compilation                     ;
+----------------------------+-------------+
; Processors                 ; Number      ;
+----------------------------+-------------+
; Number detected on machine ; 4           ;
; Maximum allowed            ; 4           ;
;                            ;             ;
; Average used               ; 1.00        ;
; Maximum used               ; 1           ;
;                            ;             ;
; Usage by Processor         ; % Time Used ;
;     1 processor            ; 100.0%      ;
;     2-4 processors         ;   0.0%      ;
+----------------------------+-------------+


+----------------------------------------------------------------------------------------------------------------------------------------------------------------+
; Analysis & Synthesis Source Files Read                                                                                                                         ;
+----------------------------------+-----------------+------------------------------------------+----------------------------------------------------------------+
; File Name with User-Entered Path ; Used in Netlist ; File Type                                ; File Name with Absolute Path                                   ;
+----------------------------------+-----------------+------------------------------------------+----------------------------------------------------------------+
; e_clock.bdf                      ; yes             ; User Block Diagram/Schematic File        ; C:/Users/Administrator/Desktop/e_clock29/e_clock.bdf           ;
; BCD_seven.vhd                    ; yes             ; User VHDL File                           ; C:/Users/Administrator/Desktop/e_clock29/BCD_seven.vhd         ;
; show.bdf                         ; yes             ; User Block Diagram/Schematic File        ; C:/Users/Administrator/Desktop/e_clock29/show.bdf              ;
; time_core.bdf                    ; yes             ; User Block Diagram/Schematic File        ; C:/Users/Administrator/Desktop/e_clock29/time_core.bdf         ;
; dmux.bdf                         ; yes             ; User Block Diagram/Schematic File        ; C:/Users/Administrator/Desktop/e_clock29/dmux.bdf              ;
; lpm_compare1.vhd                 ; yes             ; User Wizard-Generated File               ; C:/Users/Administrator/Desktop/e_clock29/lpm_compare1.vhd      ;
; lpm_compare2.vhd                 ; yes             ; User Wizard-Generated File               ; C:/Users/Administrator/Desktop/e_clock29/lpm_compare2.vhd      ;
; SHOWCONTROLER.bdf                ; yes             ; User Block Diagram/Schematic File        ; C:/Users/Administrator/Desktop/e_clock29/SHOWCONTROLER.bdf     ;
; SoundCtr.bdf                     ; yes             ; User Block Diagram/Schematic File        ; C:/Users/Administrator/Desktop/e_clock29/SoundCtr.bdf          ;
; digitalclock.vhd                 ; yes             ; Auto-Found VHDL File                     ; C:/Users/Administrator/Desktop/e_clock29/digitalclock.vhd      ;
; lpm_compare.tdf                  ; yes             ; Megafunction                             ; c:/altera/91/quartus/libraries/megafunctions/lpm_compare.tdf   ;
; comptree.tdf                     ; yes             ; Megafunction                             ; c:/altera/91/quartus/libraries/megafunctions/comptree.tdf      ;
; cmpchain.tdf                     ; yes             ; Megafunction                             ; c:/altera/91/quartus/libraries/megafunctions/cmpchain.tdf      ;
; altshift.tdf                     ; yes             ; Megafunction                             ; c:/altera/91/quartus/libraries/megafunctions/altshift.tdf      ;
; lpm_compare0.tdf                 ; yes             ; Auto-Found Wizard-Generated File         ; C:/Users/Administrator/Desktop/e_clock29/lpm_compare0.tdf      ;
; lpm_compare.inc                  ; yes             ; Megafunction                             ; c:/altera/91/quartus/libraries/megafunctions/lpm_compare.inc   ;
; e_clock_counter.bdf              ; yes             ; Auto-Found Block Diagram/Schematic File  ; C:/Users/Administrator/Desktop/e_clock29/e_clock_counter.bdf   ;
; counter60_counter.vhd            ; yes             ; Auto-Found VHDL File                     ; C:/Users/Administrator/Desktop/e_clock29/counter60_counter.vhd ;
; counter24_counter.vhd            ; yes             ; Auto-Found VHDL File                     ; C:/Users/Administrator/Desktop/e_clock29/counter24_counter.vhd ;
; counter_60_160.bdf               ; yes             ; Auto-Found Block Diagram/Schematic File  ; C:/Users/Administrator/Desktop/e_clock29/counter_60_160.bdf    ;
; 74160.bdf                        ; yes             ; Megafunction                             ; c:/altera/91/quartus/libraries/others/maxplus2/74160.bdf       ;
; counter_24_160.bdf               ; yes             ; Auto-Found Block Diagram/Schematic File  ; C:/Users/Administrator/Desktop/e_clock29/counter_24_160.bdf    ;
; lpm_counter.tdf                  ; yes             ; Megafunction                             ; c:/altera/91/quartus/libraries/megafunctions/lpm_counter.tdf   ;
+----------------------------------+-----------------+------------------------------------------+----------------------------------------------------------------+


+----------------------------------------------------------------------------------+
; Source assignments for SoundCtr:inst31|DigitalClock:inst15|lpm_counter:clk_rtl_0 ;
+---------------------------+-------+------+---------------------------------------+
; Assignment                ; Value ; From ; To                                    ;
+---------------------------+-------+------+---------------------------------------+
; SUPPRESS_DA_RULE_INTERNAL ; a101  ; -    ; -                                     ;
; SUPPRESS_DA_RULE_INTERNAL ; s102  ; -    ; -                                     ;
; SUPPRESS_DA_RULE_INTERNAL ; s103  ; -    ; -                                     ;
+---------------------------+-------+------+---------------------------------------+


+--------------------------------------------------------------------------------------------------------------------+
; Parameter Settings for User Entity Instance: SoundCtr:inst31|lpm_compare1:inst20|lpm_compare:lpm_compare_component ;
+------------------------+----------+--------------------------------------------------------------------------------+
; Parameter Name         ; Value    ; Type                                                                           ;
+------------------------+----------+--------------------------------------------------------------------------------+
; lpm_width              ; 19       ; Signed Integer                                                                 ;
; LPM_REPRESENTATION     ; UNSIGNED ; Untyped                                                                        ;
; LPM_PIPELINE           ; 0        ; Untyped                                                                        ;
; CHAIN_SIZE             ; 8        ; Untyped                                                                        ;
; ONE_INPUT_IS_CONSTANT  ; YES      ; Untyped                                                                        ;
; CARRY_CHAIN            ; MANUAL   ; Untyped                                                                        ;
; CASCADE_CHAIN          ; MANUAL   ; Untyped                                                                        ;
; CARRY_CHAIN_LENGTH     ; 48       ; CARRY_CHAIN_LENGTH                                                             ;
; CASCADE_CHAIN_LENGTH   ; 2        ; CASCADE_CHAIN_LENGTH                                                           ;
; DEVICE_FAMILY          ; MAX7000S ; Untyped                                                                        ;
; CBXI_PARAMETER         ; cmpr_7ui ; Untyped                                                                        ;
; AUTO_CARRY_CHAINS      ; ON       ; AUTO_CARRY                                                                     ;
; IGNORE_CARRY_BUFFERS   ; OFF      ; IGNORE_CARRY                                                                   ;
; AUTO_CASCADE_CHAINS    ; ON       ; AUTO_CASCADE                                                                   ;
; IGNORE_CASCADE_BUFFERS ; OFF      ; IGNORE_CASCADE                                                                 ;
+------------------------+----------+--------------------------------------------------------------------------------+
Note: In order to hide this table in the UI and the text report file, please set the "Show Parameter Settings Tables in Synthesis Report" option in "Analysis and Synthesis Settings -> More Settings" to "Off".


+------------------------------------------------------------------------------------------------------------------+
; Parameter Settings for User Entity Instance: SoundCtr:inst31|lpm_compare0:inst|lpm_compare:lpm_compare_component ;
+------------------------+----------+------------------------------------------------------------------------------+
; Parameter Name         ; Value    ; Type                                                                         ;
+------------------------+----------+------------------------------------------------------------------------------+
; lpm_width              ; 27       ; Untyped                                                                      ;
; LPM_REPRESENTATION     ; UNSIGNED ; Untyped                                                                      ;
; LPM_PIPELINE           ; 0        ; Untyped                                                                      ;
; CHAIN_SIZE             ; 8        ; Untyped                                                                      ;
; ONE_INPUT_IS_CONSTANT  ; NO       ; Untyped                                                                      ;
; CARRY_CHAIN            ; MANUAL   ; Untyped                                                                      ;
; CASCADE_CHAIN          ; MANUAL   ; Untyped                                                                      ;
; CARRY_CHAIN_LENGTH     ; 48       ; CARRY_CHAIN_LENGTH                                                           ;
; CASCADE_CHAIN_LENGTH   ; 2        ; CASCADE_CHAIN_LENGTH                                                         ;
; DEVICE_FAMILY          ; MAX7000S ; Untyped                                                                      ;
; CBXI_PARAMETER         ; cmpr_v7g ; Untyped                                                                      ;
; AUTO_CARRY_CHAINS      ; ON       ; AUTO_CARRY                                                                   ;
; IGNORE_CARRY_BUFFERS   ; OFF      ; IGNORE_CARRY                                                                 ;
; AUTO_CASCADE_CHAINS    ; ON       ; AUTO_CASCADE                                                                 ;
; IGNORE_CASCADE_BUFFERS ; OFF      ; IGNORE_CASCADE                                                               ;
+------------------------+----------+------------------------------------------------------------------------------+
Note: In order to hide this table in the UI and the text report file, please set the "Show Parameter Settings Tables in Synthesis Report" option in "Analysis and Synthesis Settings -> More Settings" to "Off".


+--------------------------------------------------------------------------------------------------------------------+
; Parameter Settings for User Entity Instance: SoundCtr:inst31|lpm_compare2:inst19|lpm_compare:lpm_compare_component ;
+------------------------+----------+--------------------------------------------------------------------------------+
; Parameter Name         ; Value    ; Type                                                                           ;
+------------------------+----------+--------------------------------------------------------------------------------+
; lpm_width              ; 27       ; Signed Integer                                                                 ;
; LPM_REPRESENTATION     ; UNSIGNED ; Untyped                                                                        ;
; LPM_PIPELINE           ; 0        ; Untyped                                                                        ;
; CHAIN_SIZE             ; 8        ; Untyped                                                                        ;
; ONE_INPUT_IS_CONSTANT  ; YES      ; Untyped                                                                        ;
; CARRY_CHAIN            ; MANUAL   ; Untyped                                                                        ;
; CASCADE_CHAIN          ; MANUAL   ; Untyped                                                                        ;
; CARRY_CHAIN_LENGTH     ; 48       ; CARRY_CHAIN_LENGTH                                                             ;
; CASCADE_CHAIN_LENGTH   ; 2        ; CASCADE_CHAIN_LENGTH                                                           ;
; DEVICE_FAMILY          ; MAX7000S ; Untyped                                                                        ;
; CBXI_PARAMETER         ; cmpr_6ui ; Untyped                                                                        ;
; AUTO_CARRY_CHAINS      ; ON       ; AUTO_CARRY                                                                     ;
; IGNORE_CARRY_BUFFERS   ; OFF      ; IGNORE_CARRY                                                                   ;
; AUTO_CASCADE_CHAINS    ; ON       ; AUTO_CASCADE                                                                   ;
; IGNORE_CASCADE_BUFFERS ; OFF      ; IGNORE_CASCADE                                                                 ;
+------------------------+----------+--------------------------------------------------------------------------------+
Note: In order to hide this table in the UI and the text report file, please set the "Show Parameter Settings Tables in Synthesis Report" option in "Analysis and Synthesis Settings -> More Settings" to "Off".


+---------------------------------------------------------------------------------------------------------------------+
; Parameter Settings for User Entity Instance: time_core:inst10|lpm_compare2:inst19|lpm_compare:lpm_compare_component ;
+------------------------+----------+---------------------------------------------------------------------------------+
; Parameter Name         ; Value    ; Type                                                                            ;
+------------------------+----------+---------------------------------------------------------------------------------+
; lpm_width              ; 27       ; Signed Integer                                                                  ;
; LPM_REPRESENTATION     ; UNSIGNED ; Untyped                                                                         ;
; LPM_PIPELINE           ; 0        ; Untyped                                                                         ;
; CHAIN_SIZE             ; 8        ; Untyped                                                                         ;
; ONE_INPUT_IS_CONSTANT  ; YES      ; Untyped                                                                         ;
; CARRY_CHAIN            ; MANUAL   ; Untyped                                                                         ;
; CASCADE_CHAIN          ; MANUAL   ; Untyped                                                                         ;
; CARRY_CHAIN_LENGTH     ; 48       ; CARRY_CHAIN_LENGTH                                                              ;
; CASCADE_CHAIN_LENGTH   ; 2        ; CASCADE_CHAIN_LENGTH                                                            ;
; DEVICE_FAMILY          ; MAX7000S ; Untyped                                                                         ;
; CBXI_PARAMETER         ; cmpr_6ui ; Untyped                                                                         ;
; AUTO_CARRY_CHAINS      ; ON       ; AUTO_CARRY                                                                      ;
; IGNORE_CARRY_BUFFERS   ; OFF      ; IGNORE_CARRY                                                                    ;
; AUTO_CASCADE_CHAINS    ; ON       ; AUTO_CASCADE                                                                    ;
; IGNORE_CASCADE_BUFFERS ; OFF      ; IGNORE_CASCADE                                                                  ;
+------------------------+----------+---------------------------------------------------------------------------------+
Note: In order to hide this table in the UI and the text report file, please set the "Show Parameter Settings Tables in Synthesis Report" option in "Analysis and Synthesis Settings -> More Settings" to "Off".


+---------------------------------------------------------------------------------------------------------------------+
; Parameter Settings for User Entity Instance: time_core:inst10|lpm_compare1:inst20|lpm_compare:lpm_compare_component ;
+------------------------+----------+---------------------------------------------------------------------------------+
; Parameter Name         ; Value    ; Type                                                                            ;
+------------------------+----------+---------------------------------------------------------------------------------+
; lpm_width              ; 19       ; Signed Integer                                                                  ;
; LPM_REPRESENTATION     ; UNSIGNED ; Untyped                                                                         ;
; LPM_PIPELINE           ; 0        ; Untyped                                                                         ;
; CHAIN_SIZE             ; 8        ; Untyped                                                                         ;
; ONE_INPUT_IS_CONSTANT  ; YES      ; Untyped                                                                         ;
; CARRY_CHAIN            ; MANUAL   ; Untyped                                                                         ;
; CASCADE_CHAIN          ; MANUAL   ; Untyped                                                                         ;
; CARRY_CHAIN_LENGTH     ; 48       ; CARRY_CHAIN_LENGTH                                                              ;
; CASCADE_CHAIN_LENGTH   ; 2        ; CASCADE_CHAIN_LENGTH                                                            ;
; DEVICE_FAMILY          ; MAX7000S ; Untyped                                                                         ;
; CBXI_PARAMETER         ; cmpr_7ui ; Untyped                                                                         ;
; AUTO_CARRY_CHAINS      ; ON       ; AUTO_CARRY                                                                      ;
; IGNORE_CARRY_BUFFERS   ; OFF      ; IGNORE_CARRY                                                                    ;
; AUTO_CASCADE_CHAINS    ; ON       ; AUTO_CASCADE                                                                    ;
; IGNORE_CASCADE_BUFFERS ; OFF      ; IGNORE_CASCADE                                                                  ;
+------------------------+----------+---------------------------------------------------------------------------------+
Note: In order to hide this table in the UI and the text report file, please set the "Show Parameter Settings Tables in Synthesis Report" option in "Analysis and Synthesis Settings -> More Settings" to "Off".


+--------------------------------------------------------------------------------------------------------------------+
; Parameter Settings for User Entity Instance: time_core:inst8|lpm_compare2:inst19|lpm_compare:lpm_compare_component ;
+------------------------+----------+--------------------------------------------------------------------------------+
; Parameter Name         ; Value    ; Type                                                                           ;
+------------------------+----------+--------------------------------------------------------------------------------+
; lpm_width              ; 27       ; Signed Integer                                                                 ;
; LPM_REPRESENTATION     ; UNSIGNED ; Untyped                                                                        ;
; LPM_PIPELINE           ; 0        ; Untyped                                                                        ;
; CHAIN_SIZE             ; 8        ; Untyped                                                                        ;
; ONE_INPUT_IS_CONSTANT  ; YES      ; Untyped                                                                        ;
; CARRY_CHAIN            ; MANUAL   ; Untyped                                                                        ;
; CASCADE_CHAIN          ; MANUAL   ; Untyped                                                                        ;
; CARRY_CHAIN_LENGTH     ; 48       ; CARRY_CHAIN_LENGTH                                                             ;
; CASCADE_CHAIN_LENGTH   ; 2        ; CASCADE_CHAIN_LENGTH                                                           ;
; DEVICE_FAMILY          ; MAX7000S ; Untyped                                                                        ;
; CBXI_PARAMETER         ; cmpr_6ui ; Untyped                                                                        ;
; AUTO_CARRY_CHAINS      ; ON       ; AUTO_CARRY                                                                     ;
; IGNORE_CARRY_BUFFERS   ; OFF      ; IGNORE_CARRY                                                                   ;
; AUTO_CASCADE_CHAINS    ; ON       ; AUTO_CASCADE                                                                   ;
; IGNORE_CASCADE_BUFFERS ; OFF      ; IGNORE_CASCADE                                                                 ;
+------------------------+----------+--------------------------------------------------------------------------------+
Note: In order to hide this table in the UI and the text report file, please set the "Show Parameter Settings Tables in Synthesis Report" option in "Analysis and Synthesis Settings -> More Settings" to "Off".


+--------------------------------------------------------------------------------------------------------------------+
; Parameter Settings for User Entity Instance: time_core:inst8|lpm_compare1:inst20|lpm_compare:lpm_compare_component ;
+------------------------+----------+--------------------------------------------------------------------------------+
; Parameter Name         ; Value    ; Type                                                                           ;
+------------------------+----------+--------------------------------------------------------------------------------+
; lpm_width              ; 19       ; Signed Integer                                                                 ;
; LPM_REPRESENTATION     ; UNSIGNED ; Untyped                                                                        ;
; LPM_PIPELINE           ; 0        ; Untyped                                                                        ;
; CHAIN_SIZE             ; 8        ; Untyped                                                                        ;
; ONE_INPUT_IS_CONSTANT  ; YES      ; Untyped                                                                        ;
; CARRY_CHAIN            ; MANUAL   ; Untyped                                                                        ;
; CASCADE_CHAIN          ; MANUAL   ; Untyped                                                                        ;
; CARRY_CHAIN_LENGTH     ; 48       ; CARRY_CHAIN_LENGTH                                                             ;
; CASCADE_CHAIN_LENGTH   ; 2        ; CASCADE_CHAIN_LENGTH                                                           ;
; DEVICE_FAMILY          ; MAX7000S ; Untyped                                                                        ;
; CBXI_PARAMETER         ; cmpr_7ui ; Untyped                                                                        ;
; AUTO_CARRY_CHAINS      ; ON       ; AUTO_CARRY                                                                     ;
; IGNORE_CARRY_BUFFERS   ; OFF      ; IGNORE_CARRY                                                                   ;
; AUTO_CASCADE_CHAINS    ; ON       ; AUTO_CASCADE                                                                   ;
; IGNORE_CASCADE_BUFFERS ; OFF      ; IGNORE_CASCADE                                                                 ;
+------------------------+----------+--------------------------------------------------------------------------------+
Note: In order to hide this table in the UI and the text report file, please set the "Show Parameter Settings Tables in Synthesis Report" option in "Analysis and Synthesis Settings -> More Settings" to "Off".


+------------------------------------------------------------------------------------------------------------+
; Parameter Settings for Inferred Entity Instance: SoundCtr:inst31|DigitalClock:inst15|lpm_counter:clk_rtl_0 ;
+------------------------+-------------------+---------------------------------------------------------------+
; Parameter Name         ; Value             ; Type                                                          ;
+------------------------+-------------------+---------------------------------------------------------------+
; AUTO_CARRY_CHAINS      ; ON                ; AUTO_CARRY                                                    ;
; IGNORE_CARRY_BUFFERS   ; OFF               ; IGNORE_CARRY                                                  ;
; AUTO_CASCADE_CHAINS    ; ON                ; AUTO_CASCADE                                                  ;
; IGNORE_CASCADE_BUFFERS ; OFF               ; IGNORE_CASCADE                                                ;
; LPM_WIDTH              ; 6                 ; Untyped                                                       ;
; LPM_DIRECTION          ; UP                ; Untyped                                                       ;
; LPM_MODULUS            ; 0                 ; Untyped                                                       ;
; LPM_AVALUE             ; UNUSED            ; Untyped                                                       ;
; LPM_SVALUE             ; UNUSED            ; Untyped                                                       ;
; LPM_PORT_UPDOWN        ; PORT_CONNECTIVITY ; Untyped                                                       ;
; DEVICE_FAMILY          ; MAX7000S          ; Untyped                                                       ;
; CARRY_CHAIN            ; MANUAL            ; Untyped                                                       ;
; CARRY_CHAIN_LENGTH     ; 48                ; CARRY_CHAIN_LENGTH                                            ;
; NOT_GATE_PUSH_BACK     ; ON                ; NOT_GATE_PUSH_BACK                                            ;
; CARRY_CNT_EN           ; SMART             ; Untyped                                                       ;
; LABWIDE_SCLR           ; ON                ; Untyped                                                       ;
; USE_NEW_VERSION        ; TRUE              ; Untyped                                                       ;
; CBXI_PARAMETER         ; NOTHING           ; Untyped                                                       ;
+------------------------+-------------------+---------------------------------------------------------------+
Note: In order to hide this table in the UI and the text report file, please set the "Show Parameter Settings Tables in Synthesis Report" option in "Analysis and Synthesis Settings -> More Settings" to "Off".


+-------------------------------+
; Analysis & Synthesis Messages ;
+-------------------------------+
Info: *******************************************************************
Info: Running Quartus II Analysis & Synthesis
    Info: Version 9.1 Build 222 10/21/2009 SJ Full Version
    Info: Processing started: Fri Mar 29 13:14:37 2019
Info: Command: quartus_map --read_settings_files=on --write_settings_files=off e_clock -c e_clock
Info: Parallel compilation is enabled and will use 4 of the 4 processors detected
Info: Found 1 design units, including 1 entities, in source file e_clock.bdf
    Info: Found entity 1: e_clock
Info: Found 2 design units, including 1 entities, in source file and_gate.vhd
    Info: Found design unit 1: and_gate-behave
    Info: Found entity 1: and_gate
Info: Found 2 design units, including 1 entities, in source file counter60.vhd
    Info: Found design unit 1: counter60-behav
    Info: Found entity 1: counter60
Info: Found 2 design units, including 1 entities, in source file counter24.vhd
    Info: Found design unit 1: counter24-behav
    Info: Found entity 1: counter24
Info: Found 2 design units, including 1 entities, in source file bcd_seven.vhd
    Info: Found design unit 1: BCD_seven-behave
    Info: Found entity 1: BCD_seven
Info: Found 1 design units, including 1 entities, in source file show.bdf
    Info: Found entity 1: show
Info: Found 1 design units, including 1 entities, in source file time_core.bdf
    Info: Found entity 1: time_core
Info: Found 1 design units, including 1 entities, in source file dmux.bdf
    Info: Found entity 1: dmux
Info: Found 1 design units, including 1 entities, in source file alerm.bdf
    Info: Found entity 1: alerm
Info: Found 2 design units, including 1 entities, in source file count_byly.vhd
    Info: Found design unit 1: count_byly-behave
    Info: Found entity 1: count_byly
Info: Found 2 design units, including 1 entities, in source file count24_byly.vhd
    Info: Found design unit 1: counter24_byly-behave
    Info: Found entity 1: counter24_byly
Info: Found 1 design units, including 1 entities, in source file block1.bdf
    Info: Found entity 1: Block1
Info: Found 1 design units, including 1 entities, in source file choose.bdf
    Info: Found entity 1: choose
Info: Found 2 design units, including 1 entities, in source file lpm_compare1.vhd
    Info: Found design unit 1: lpm_compare1-SYN
    Info: Found entity 1: lpm_compare1
Info: Found 2 design units, including 1 entities, in source file lpm_compare2.vhd
    Info: Found design unit 1: lpm_compare2-SYN
    Info: Found entity 1: lpm_compare2
Info: Found 2 design units, including 1 entities, in source file selshow.vhd
    Info: Found design unit 1: selshow-behav
    Info: Found entity 1: selshow
Info: Found 1 design units, including 1 entities, in source file showcontroler.bdf
    Info: Found entity 1: SHOWCONTROLER
Info: Found 1 design units, including 1 entities, in source file soundctr.bdf
    Info: Found entity 1: SoundCtr
Info: Elaborating entity "e_clock" for the top level hierarchy
Info: Elaborating entity "SoundCtr" for hierarchy "SoundCtr:inst31"
Warning: Using design file digitalclock.vhd, which is not specified as a design file for the current project, but contains definitions for 2 design units and 1 entities in project
    Info: Found design unit 1: DigitalClock-behav
    Info: Found entity 1: DigitalClock
Info: Elaborating entity "DigitalClock" for hierarchy "SoundCtr:inst31|DigitalClock:inst15"
Info: Elaborating entity "lpm_compare1" for hierarchy "SoundCtr:inst31|lpm_compare1:inst20"
Info: Elaborating entity "lpm_compare" for hierarchy "SoundCtr:inst31|lpm_compare1:inst20|lpm_compare:lpm_compare_component"
Info: Elaborated megafunction instantiation "SoundCtr:inst31|lpm_compare1:inst20|lpm_compare:lpm_compare_component"
Info: Instantiated megafunction "SoundCtr:inst31|lpm_compare1:inst20|lpm_compare:lpm_compare_component" with the following parameter:
    Info: Parameter "lpm_hint" = "ONE_INPUT_IS_CONSTANT=YES"
    Info: Parameter "lpm_representation" = "UNSIGNED"
    Info: Parameter "lpm_type" = "LPM_COMPARE"
    Info: Parameter "lpm_width" = "19"
Info: Elaborating entity "comptree" for hierarchy "SoundCtr:inst31|lpm_compare1:inst20|lpm_compare:lpm_compare_component|comptree:comparator"
Info: Elaborated megafunction instantiation "SoundCtr:inst31|lpm_compare1:inst20|lpm_compare:lpm_compare_component|comptree:comparator", which is child of megafunction instantiation "SoundCtr:inst31|lpm_compare1:inst20|lpm_compare:lpm_compare_component"
Info: Elaborating entity "cmpchain" for hierarchy "SoundCtr:inst31|lpm_compare1:inst20|lpm_compare:lpm_compare_component|comptree:comparator|cmpchain:cmp_end"
Info: Elaborated megafunction instantiation "SoundCtr:inst31|lpm_compare1:inst20|lpm_compare:lpm_compare_component|comptree:comparator|cmpchain:cmp_end", which is child of megafunction instantiation "SoundCtr:inst31|lpm_compare1:inst20|lpm_compare:lpm_compare_component"
Info: Elaborating entity "altshift" for hierarchy "SoundCtr:inst31|lpm_compare1:inst20|lpm_compare:lpm_compare_component|altshift:aeb_ext_lat_ffs"
Info: Elaborated megafunction instantiation "SoundCtr:inst31|lpm_compare1:inst20|lpm_compare:lpm_compare_component|altshift:aeb_ext_lat_ffs", which is child of megafunction instantiation "SoundCtr:inst31|lpm_compare1:inst20|lpm_compare:lpm_compare_component"
Warning: Using design file lpm_compare0.tdf, which is not specified as a design file for the current project, but contains definitions for 1 design units and 1 entities in project
    Info: Found entity 1: lpm_compare0
Info: Elaborating entity "lpm_compare0" for hierarchy "SoundCtr:inst31|lpm_compare0:inst"
Info: Elaborating entity "lpm_compare" for hierarchy "SoundCtr:inst31|lpm_compare0:inst|lpm_compare:lpm_compare_component"
Info: Elaborated megafunction instantiation "SoundCtr:inst31|lpm_compare0:inst|lpm_compare:lpm_compare_component"
Info: Instantiated megafunction "SoundCtr:inst31|lpm_compare0:inst|lpm_compare:lpm_compare_component" with the following parameter:
    Info: Parameter "LPM_TYPE" = "LPM_COMPARE"
    Info: Parameter "LPM_WIDTH" = "27"
    Info: Parameter "LPM_REPRESENTATION" = "UNSIGNED"
Info: Elaborating entity "comptree" for hierarchy "SoundCtr:inst31|lpm_compare0:inst|lpm_compare:lpm_compare_component|comptree:comparator"
Info: Elaborated megafunction instantiation "SoundCtr:inst31|lpm_compare0:inst|lpm_compare:lpm_compare_component|comptree:comparator", which is child of megafunction instantiation "SoundCtr:inst31|lpm_compare0:inst|lpm_compare:lpm_compare_component"
Info: Elaborating entity "cmpchain" for hierarchy "SoundCtr:inst31|lpm_compare0:inst|lpm_compare:lpm_compare_component|comptree:comparator|cmpchain:cmp[0]"
Info: Elaborated megafunction instantiation "SoundCtr:inst31|lpm_compare0:inst|lpm_compare:lpm_compare_component|comptree:comparator|cmpchain:cmp[0]", which is child of megafunction instantiation "SoundCtr:inst31|lpm_compare0:inst|lpm_compare:lpm_compare_component"
Info: Elaborating entity "cmpchain" for hierarchy "SoundCtr:inst31|lpm_compare0:inst|lpm_compare:lpm_compare_component|comptree:comparator|cmpchain:cmp_end"
Info: Elaborated megafunction instantiation "SoundCtr:inst31|lpm_compare0:inst|lpm_compare:lpm_compare_component|comptree:comparator|cmpchain:cmp_end", which is child of megafunction instantiation "SoundCtr:inst31|lpm_compare0:inst|lpm_compare:lpm_compare_component"
Info: Elaborating entity "comptree" for hierarchy "SoundCtr:inst31|lpm_compare0:inst|lpm_compare:lpm_compare_component|comptree:comparator|comptree:sub_comptree"
Info: Elaborated megafunction instantiation "SoundCtr:inst31|lpm_compare0:inst|lpm_compare:lpm_compare_component|comptree:comparator|comptree:sub_comptree", which is child of megafunction instantiation "SoundCtr:inst31|lpm_compare0:inst|lpm_compare:lpm_compare_component"
Info: Elaborating entity "cmpchain" for hierarchy "SoundCtr:inst31|lpm_compare0:inst|lpm_compare:lpm_compare_component|comptree:comparator|comptree:sub_comptree|cmpchain:cmp_end"
Info: Elaborated megafunction instantiation "SoundCtr:inst31|lpm_compare0:inst|lpm_compare:lpm_compare_component|comptree:comparator|comptree:sub_comptree|cmpchain:cmp_end", which is child of megafunction instantiation "SoundCtr:inst31|lpm_compare0:inst|lpm_compare:lpm_compare_component"
Info: Elaborating entity "lpm_compare2" for hierarchy "SoundCtr:inst31|lpm_compare2:inst19"
Info: Elaborating entity "lpm_compare" for hierarchy "SoundCtr:inst31|lpm_compare2:inst19|lpm_compare:lpm_compare_component"
Info: Elaborated megafunction instantiation "SoundCtr:inst31|lpm_compare2:inst19|lpm_compare:lpm_compare_component"
Info: Instantiated megafunction "SoundCtr:inst31|lpm_compare2:inst19|lpm_compare:lpm_compare_component" with the following parameter:
    Info: Parameter "lpm_hint" = "ONE_INPUT_IS_CONSTANT=YES"
    Info: Parameter "lpm_representation" = "UNSIGNED"
    Info: Parameter "lpm_type" = "LPM_COMPARE"
    Info: Parameter "lpm_width" = "27"
Info: Elaborating entity "comptree" for hierarchy "SoundCtr:inst31|lpm_compare2:inst19|lpm_compare:lpm_compare_component|comptree:comparator"
Info: Elaborated megafunction instantiation "SoundCtr:inst31|lpm_compare2:inst19|lpm_compare:lpm_compare_component|comptree:comparator", which is child of megafunction instantiation "SoundCtr:inst31|lpm_compare2:inst19|lpm_compare:lpm_compare_component"
Info: Elaborating entity "cmpchain" for hierarchy "SoundCtr:inst31|lpm_compare2:inst19|lpm_compare:lpm_compare_component|comptree:comparator|cmpchain:cmp_end"
Info: Elaborated megafunction instantiation "SoundCtr:inst31|lpm_compare2:inst19|lpm_compare:lpm_compare_component|comptree:comparator|cmpchain:cmp_end", which is child of megafunction instantiation "SoundCtr:inst31|lpm_compare2:inst19|lpm_compare:lpm_compare_component"
Warning: Using design file e_clock_counter.bdf, which is not specified as a design file for the current project, but contains definitions for 1 design units and 1 entities in project
    Info: Found entity 1: e_clock_counter
Info: Elaborating entity "e_clock_counter" for hierarchy "e_clock_counter:inst14"
Info: Elaborating entity "BCD_seven" for hierarchy "e_clock_counter:inst14|BCD_seven:inst2"
Warning: Using design file counter60_counter.vhd, which is not specified as a design file for the current project, but contains definitions for 2 design units and 1 entities in project
    Info: Found design unit 1: counter60_counter-behave
    Info: Found entity 1: counter60_counter
Info: Elaborating entity "counter60_counter" for hierarchy "e_clock_counter:inst14|counter60_counter:inst"
Warning: Using design file counter24_counter.vhd, which is not specified as a design file for the current project, but contains definitions for 2 design units and 1 entities in project
    Info: Found design unit 1: counter24_counter-behave
    Info: Found entity 1: counter24_counter
Info: Elaborating entity "counter24_counter" for hierarchy "e_clock_counter:inst14|counter24_counter:inst4"
Warning (10631): VHDL Process Statement warning at counter24_counter.vhd(14): inferring latch(es) for signal or variable "c", which holds its previous value in one or more paths through the process
Info (10041): Inferred latch for "c" at counter24_counter.vhd(14)
Info: Elaborating entity "dmux" for hierarchy "dmux:inst12"
Info: Elaborating entity "time_core" for hierarchy "time_core:inst10"
Warning: Using design file counter_60_160.bdf, which is not specified as a design file for the current project, but contains definitions for 1 design units and 1 entities in project
    Info: Found entity 1: counter_60_160
Info: Elaborating entity "counter_60_160" for hierarchy "time_core:inst10|counter_60_160:inst1"
Info: Elaborating entity "74160" for hierarchy "time_core:inst10|counter_60_160:inst1|74160:inst1"
Info: Elaborated megafunction instantiation "time_core:inst10|counter_60_160:inst1|74160:inst1"
Warning: Using design file counter_24_160.bdf, which is not specified as a design file for the current project, but contains definitions for 1 design units and 1 entities in project
    Info: Found entity 1: counter_24_160
Info: Elaborating entity "counter_24_160" for hierarchy "time_core:inst10|counter_24_160:inst8"
Info: Elaborating entity "show" for hierarchy "show:inst9"
Info: Elaborating entity "SHOWCONTROLER" for hierarchy "SHOWCONTROLER:inst17"
Info: Inferred 1 megafunctions from design logic
    Info: Inferred lpm_counter megafunction (LPM_WIDTH=6) from the following logic: "SoundCtr:inst31|DigitalClock:inst15|clk[0]~0"
Info: Elaborated megafunction instantiation "SoundCtr:inst31|DigitalClock:inst15|lpm_counter:clk_rtl_0"
Info: Instantiated megafunction "SoundCtr:inst31|DigitalClock:inst15|lpm_counter:clk_rtl_0" with the following parameter:
    Info: Parameter "LPM_WIDTH" = "6"
    Info: Parameter "LPM_DIRECTION" = "UP"
    Info: Parameter "LPM_TYPE" = "LPM_COUNTER"
Warning: The following nodes have both tri-state and non-tri-state drivers
    Warning: Inserted always-enabled tri-state buffer between "SoundCtr:inst31|inst13[7]" and its non-tri-state driver.
    Warning: Inserted always-enabled tri-state buffer between "SoundCtr:inst31|lpm_compare0:inst|lpm_compare:lpm_compare_component|comptree:comparator|cmpchain:cmp[0]|_" and its non-tri-state driver.
    Warning: Inserted always-enabled tri-state buffer between "SoundCtr:inst31|inst13[6]" and its non-tri-state driver.
    Warning: Inserted always-enabled tri-state buffer between "SoundCtr:inst31|lpm_compare0:inst|lpm_compare:lpm_compare_component|comptree:comparator|cmpchain:cmp[0]|_" and its non-tri-state driver.
    Warning: Inserted always-enabled tri-state buffer between "SoundCtr:inst31|inst13[5]" and its non-tri-state driver.
    Warning: Inserted always-enabled tri-state buffer between "SoundCtr:inst31|lpm_compare0:inst|lpm_compare:lpm_compare_component|comptree:comparator|cmpchain:cmp[0]|_" and its non-tri-state driver.
    Warning: Inserted always-enabled tri-state buffer between "SoundCtr:inst31|inst13[4]" and its non-tri-state driver.
    Warning: Inserted always-enabled tri-state buffer between "SoundCtr:inst31|lpm_compare0:inst|lpm_compare:lpm_compare_component|comptree:comparator|cmpchain:cmp[0]|_" and its non-tri-state driver.
    Warning: Inserted always-enabled tri-state buffer between "SoundCtr:inst31|inst13[3]" and its non-tri-state driver.
    Warning: Inserted always-enabled tri-state buffer between "SoundCtr:inst31|lpm_compare0:inst|lpm_compare:lpm_compare_component|comptree:comparator|cmpchain:cmp[0]|_" and its non-tri-state driver.
    Warning: Inserted always-enabled tri-state buffer between "SoundCtr:inst31|inst13[2]" and its non-tri-state driver.
    Warning: Inserted always-enabled tri-state buffer between "SoundCtr:inst31|lpm_compare0:inst|lpm_compare:lpm_compare_component|comptree:comparator|cmpchain:cmp[0]|_" and its non-tri-state driver.
    Warning: Inserted always-enabled tri-state buffer between "SoundCtr:inst31|inst13[1]" and its non-tri-state driver.
    Warning: Inserted always-enabled tri-state buffer between "SoundCtr:inst31|lpm_compare0:inst|lpm_compare:lpm_compare_component|comptree:comparator|cmpchain:cmp[0]|ecasc[0]" and its non-tri-state driver.
    Warning: Inserted always-enabled tri-state buffer between "SoundCtr:inst31|inst13[0]" and its non-tri-state driver.
    Warning: Inserted always-enabled tri-state buffer between "SoundCtr:inst31|lpm_compare0:inst|lpm_compare:lpm_compare_component|comptree:comparator|cmpchain:cmp[0]|ecasc[0]" and its non-tri-state driver.
    Warning: Inserted always-enabled tri-state buffer between "SoundCtr:inst31|inst13[15]" and its non-tri-state driver.
    Warning: Inserted always-enabled tri-state buffer between "SoundCtr:inst31|lpm_compare0:inst|lpm_compare:lpm_compare_component|comptree:comparator|cmpchain:cmp[0]|_" and its non-tri-state driver.
    Warning: Inserted always-enabled tri-state buffer between "SoundCtr:inst31|inst13[14]" and its non-tri-state driver.
    Warning: Inserted always-enabled tri-state buffer between "SoundCtr:inst31|lpm_compare0:inst|lpm_compare:lpm_compare_component|comptree:comparator|cmpchain:cmp[0]|_" and its non-tri-state driver.
    Warning: Inserted always-enabled tri-state buffer between "SoundCtr:inst31|inst13[13]" and its non-tri-state driver.
    Warning: Inserted always-enabled tri-state buffer between "SoundCtr:inst31|lpm_compare0:inst|lpm_compare:lpm_compare_component|comptree:comparator|cmpchain:cmp[0]|_" and its non-tri-state driver.
    Warning: Inserted always-enabled tri-state buffer between "SoundCtr:inst31|inst13[12]" and its non-tri-state driver.
    Warning: Inserted always-enabled tri-state buffer between "SoundCtr:inst31|lpm_compare0:inst|lpm_compare:lpm_compare_component|comptree:comparator|cmpchain:cmp[0]|_" and its non-tri-state driver.
    Warning: Inserted always-enabled tri-state buffer between "SoundCtr:inst31|inst13[11]" and its non-tri-state driver.
    Warning: Inserted always-enabled tri-state buffer between "SoundCtr:inst31|lpm_compare0:inst|lpm_compare:lpm_compare_component|comptree:comparator|cmpchain:cmp[0]|_" and its non-tri-state driver.
    Warning: Inserted always-enabled tri-state buffer between "SoundCtr:inst31|inst13[10]" and its non-tri-state driver.
    Warning: Inserted always-enabled tri-state buffer between "SoundCtr:inst31|lpm_compare0:inst|lpm_compare:lpm_compare_component|comptree:comparator|cmpchain:cmp[0]|_" and its non-tri-state driver.
    Warning: Inserted always-enabled tri-state buffer between "SoundCtr:inst31|inst13[9]" and its non-tri-state driver.
    Warning: Inserted always-enabled tri-state buffer between "SoundCtr:inst31|lpm_compare0:inst|lpm_compare:lpm_compare_component|comptree:comparator|cmpchain:cmp[0]|_" and its non-tri-state driver.
    Warning: Inserted always-enabled tri-state buffer between "SoundCtr:inst31|inst13[8]" and its non-tri-state driver.
    Warning: Inserted always-enabled tri-state buffer between "SoundCtr:inst31|lpm_compare0:inst|lpm_compare:lpm_compare_component|comptree:comparator|cmpchain:cmp[0]|_" and its non-tri-state driver.
    Warning: Inserted always-enabled tri-state buffer between "e_clock_counter:inst14|BCD_seven:inst2|Mux2" and its non-tri-state driver.
    Warning: Inserted always-enabled tri-state buffer between "e_clock_counter:inst14|BCD_seven:inst2|Mux2" and its non-tri-state driver.
    Warning: Inserted always-enabled tri-state buffer between "e_clock_counter:inst14|BCD_seven:inst2|Mux2" and its non-tri-state driver.
    Warning: Inserted always-enabled tri-state buffer between "e_clock_counter:inst14|BCD_seven:inst2|Mux0" and its non-tri-state driver.
    Warning: Inserted always-enabled tri-state buffer between "SoundCtr:inst31|lpm_compare0:inst|lpm_compare:lpm_compare_component|comptree:comparator|cmpchain:cmp_end|_" and its non-tri-state driver.
    Warning: Inserted always-enabled tri-state buffer between "SoundCtr:inst31|lpm_compare0:inst|lpm_compare:lpm_compare_component|comptree:comparator|cmpchain:cmp_end|_" and its non-tri-state driver.
    Warning: Inserted always-enabled tri-state buffer between "SoundCtr:inst31|lpm_compare0:inst|lpm_compare:lpm_compare_component|comptree:comparator|cmpchain:cmp_end|_" and its non-tri-state driver.
    Warning: Inserted always-enabled tri-state buffer between "SoundCtr:inst31|lpm_compare0:inst|lpm_compare:lpm_compare_component|comptree:comparator|cmpchain:cmp_end|_" and its non-tri-state driver.
    Warning: Inserted always-enabled tri-state buffer between "SoundCtr:inst31|lpm_compare0:inst|lpm_compare:lpm_compare_component|comptree:comparator|cmpchain:cmp_end|_" and its non-tri-state driver.
    Warning: Inserted always-enabled tri-state buffer between "SoundCtr:inst31|lpm_compare0:inst|lpm_compare:lpm_compare_component|comptree:comparator|cmpchain:cmp_end|_" and its non-tri-state driver.
    Warning: Inserted always-enabled tri-state buffer between "SoundCtr:inst31|lpm_compare0:inst|lpm_compare:lpm_compare_component|comptree:comparator|cmpchain:cmp_end|_" and its non-tri-state driver.
    Warning: Inserted always-enabled tri-state buffer between "SoundCtr:inst31|inst13[19]" and its non-tri-state driver.
    Warning: Inserted always-enabled tri-state buffer between "SoundCtr:inst31|lpm_compare0:inst|lpm_compare:lpm_compare_component|comptree:comparator|cmpchain:cmp_end|_" and its non-tri-state driver.
    Warning: Inserted always-enabled tri-state buffer between "SoundCtr:inst31|inst13[18]" and its non-tri-state driver.
    Warning: Inserted always-enabled tri-state buffer between "SoundCtr:inst31|lpm_compare0:inst|lpm_compare:lpm_compare_component|comptree:comparator|cmpchain:cmp_end|_" and its non-tri-state driver.
    Warning: Inserted always-enabled tri-state buffer between "SoundCtr:inst31|inst13[17]" and its non-tri-state driver.
    Warning: Inserted always-enabled tri-state buffer between "SoundCtr:inst31|lpm_compare0:inst|lpm_compare:lpm_compare_component|comptree:comparator|cmpchain:cmp_end|ecasc[0]" and its non-tri-state driver.
    Warning: Inserted always-enabled tri-state buffer between "SoundCtr:inst31|inst13[16]" and its non-tri-state driver.
    Warning: Inserted always-enabled tri-state buffer between "SoundCtr:inst31|lpm_compare0:inst|lpm_compare:lpm_compare_component|comptree:comparator|cmpchain:cmp_end|ecasc[0]" and its non-tri-state driver.
Error: The node "SoundCtr:inst31|lpm_compare0:inst|lpm_compare:lpm_compare_component|comptree:comparator|cmpchain:cmp[0]|_" has multiple drivers due to the non-tri-state driver "time_core:inst8|counter_24_160:inst8|74160:inst|9" File: c:/altera/91/quartus/libraries/megafunctions/comptree.tdf Line: 133
Error: The node "SoundCtr:inst31|lpm_compare0:inst|lpm_compare:lpm_compare_component|comptree:comparator|cmpchain:cmp[0]|_" has multiple drivers due to the non-tri-state driver "time_core:inst8|counter_24_160:inst8|74160:inst|8" File: c:/altera/91/quartus/libraries/megafunctions/comptree.tdf Line: 133
Error: The node "SoundCtr:inst31|lpm_compare0:inst|lpm_compare:lpm_compare_component|comptree:comparator|cmpchain:cmp[0]|_" has multiple drivers due to the non-tri-state driver "time_core:inst8|counter_24_160:inst8|74160:inst|7" File: c:/altera/91/quartus/libraries/megafunctions/comptree.tdf Line: 133
Error: The node "SoundCtr:inst31|lpm_compare0:inst|lpm_compare:lpm_compare_component|comptree:comparator|cmpchain:cmp[0]|_" has multiple drivers due to the non-tri-state driver "time_core:inst8|counter_24_160:inst8|74160:inst|6" File: c:/altera/91/quartus/libraries/megafunctions/comptree.tdf Line: 133
Error: The node "SoundCtr:inst31|lpm_compare0:inst|lpm_compare:lpm_compare_component|comptree:comparator|cmpchain:cmp[0]|_" has multiple drivers due to the non-tri-state driver "time_core:inst8|counter_24_160:inst8|74160:inst1|9" File: c:/altera/91/quartus/libraries/megafunctions/comptree.tdf Line: 133
Error: The node "SoundCtr:inst31|lpm_compare0:inst|lpm_compare:lpm_compare_component|comptree:comparator|cmpchain:cmp[0]|_" has multiple drivers due to the non-tri-state driver "time_core:inst8|counter_24_160:inst8|74160:inst1|8" File: c:/altera/91/quartus/libraries/megafunctions/comptree.tdf Line: 133
Error: The node "SoundCtr:inst31|lpm_compare0:inst|lpm_compare:lpm_compare_component|comptree:comparator|cmpchain:cmp[0]|ecasc[0]" has multiple drivers due to the non-tri-state driver "time_core:inst8|counter_24_160:inst8|74160:inst1|7" File: c:/altera/91/quartus/libraries/megafunctions/cmpchain.tdf Line: 259
Error: The node "SoundCtr:inst31|lpm_compare0:inst|lpm_compare:lpm_compare_component|comptree:comparator|cmpchain:cmp[0]|ecasc[0]" has multiple drivers due to the non-tri-state driver "time_core:inst8|counter_24_160:inst8|74160:inst1|6" File: c:/altera/91/quartus/libraries/megafunctions/cmpchain.tdf Line: 259
Error: The node "SoundCtr:inst31|lpm_compare0:inst|lpm_compare:lpm_compare_component|comptree:comparator|cmpchain:cmp[0]|_" has multiple drivers due to the non-tri-state driver "time_core:inst8|counter_60_160:inst3|74160:inst|9" File: c:/altera/91/quartus/libraries/megafunctions/comptree.tdf Line: 133
Error: The node "SoundCtr:inst31|lpm_compare0:inst|lpm_compare:lpm_compare_component|comptree:comparator|cmpchain:cmp[0]|_" has multiple drivers due to the non-tri-state driver "time_core:inst8|counter_60_160:inst3|74160:inst|8" File: c:/altera/91/quartus/libraries/megafunctions/comptree.tdf Line: 133
Error: The node "SoundCtr:inst31|lpm_compare0:inst|lpm_compare:lpm_compare_component|comptree:comparator|cmpchain:cmp[0]|_" has multiple drivers due to the non-tri-state driver "time_core:inst8|counter_60_160:inst3|74160:inst|7" File: c:/altera/91/quartus/libraries/megafunctions/comptree.tdf Line: 133
Error: The node "SoundCtr:inst31|lpm_compare0:inst|lpm_compare:lpm_compare_component|comptree:comparator|cmpchain:cmp[0]|_" has multiple drivers due to the non-tri-state driver "time_core:inst8|counter_60_160:inst3|74160:inst|6" File: c:/altera/91/quartus/libraries/megafunctions/comptree.tdf Line: 133
Error: The node "SoundCtr:inst31|lpm_compare0:inst|lpm_compare:lpm_compare_component|comptree:comparator|cmpchain:cmp[0]|_" has multiple drivers due to the non-tri-state driver "time_core:inst8|counter_60_160:inst3|74160:inst1|9" File: c:/altera/91/quartus/libraries/megafunctions/comptree.tdf Line: 133
Error: The node "SoundCtr:inst31|lpm_compare0:inst|lpm_compare:lpm_compare_component|comptree:comparator|cmpchain:cmp[0]|_" has multiple drivers due to the non-tri-state driver "time_core:inst8|counter_60_160:inst3|74160:inst1|8" File: c:/altera/91/quartus/libraries/megafunctions/comptree.tdf Line: 133
Error: The node "SoundCtr:inst31|lpm_compare0:inst|lpm_compare:lpm_compare_component|comptree:comparator|cmpchain:cmp[0]|_" has multiple drivers due to the non-tri-state driver "time_core:inst8|counter_60_160:inst3|74160:inst1|7" File: c:/altera/91/quartus/libraries/megafunctions/comptree.tdf Line: 133
Error: The node "SoundCtr:inst31|lpm_compare0:inst|lpm_compare:lpm_compare_component|comptree:comparator|cmpchain:cmp[0]|_" has multiple drivers due to the non-tri-state driver "time_core:inst8|counter_60_160:inst3|74160:inst1|6" File: c:/altera/91/quartus/libraries/megafunctions/comptree.tdf Line: 133
Error: The node "SoundCtr:inst31|lpm_compare0:inst|lpm_compare:lpm_compare_component|comptree:comparator|cmpchain:cmp_end|_" has multiple drivers due to the non-tri-state driver "time_core:inst8|BCD_seven:inst2|Mux0" File: c:/altera/91/quartus/libraries/megafunctions/comptree.tdf Line: 140
Error: The node "SoundCtr:inst31|lpm_compare0:inst|lpm_compare:lpm_compare_component|comptree:comparator|cmpchain:cmp_end|_" has multiple drivers due to the non-tri-state driver "time_core:inst8|BCD_seven:inst2|Mux1" File: c:/altera/91/quartus/libraries/megafunctions/comptree.tdf Line: 140
Error: The node "SoundCtr:inst31|lpm_compare0:inst|lpm_compare:lpm_compare_component|comptree:comparator|cmpchain:cmp_end|_" has multiple drivers due to the non-tri-state driver "time_core:inst8|BCD_seven:inst2|Mux2" File: c:/altera/91/quartus/libraries/megafunctions/comptree.tdf Line: 140
Error: The node "SoundCtr:inst31|lpm_compare0:inst|lpm_compare:lpm_compare_component|comptree:comparator|cmpchain:cmp_end|_" has multiple drivers due to the non-tri-state driver "time_core:inst8|BCD_seven:inst2|Mux3" File: c:/altera/91/quartus/libraries/megafunctions/comptree.tdf Line: 140
Error: The node "SoundCtr:inst31|lpm_compare0:inst|lpm_compare:lpm_compare_component|comptree:comparator|cmpchain:cmp_end|_" has multiple drivers due to the non-tri-state driver "time_core:inst8|BCD_seven:inst2|Mux4" File: c:/altera/91/quartus/libraries/megafunctions/comptree.tdf Line: 140
Error: The node "SoundCtr:inst31|lpm_compare0:inst|lpm_compare:lpm_compare_component|comptree:comparator|cmpchain:cmp_end|_" has multiple drivers due to the non-tri-state driver "time_core:inst8|BCD_seven:inst2|Mux5" File: c:/altera/91/quartus/libraries/megafunctions/comptree.tdf Line: 140
Error: The node "SoundCtr:inst31|lpm_compare0:inst|lpm_compare:lpm_compare_component|comptree:comparator|cmpchain:cmp_end|_" has multiple drivers due to the non-tri-state driver "time_core:inst8|BCD_seven:inst2|Mux6" File: c:/altera/91/quartus/libraries/megafunctions/comptree.tdf Line: 140
Error: The node "SoundCtr:inst31|lpm_compare0:inst|lpm_compare:lpm_compare_component|comptree:comparator|cmpchain:cmp_end|_" has multiple drivers due to the non-tri-state driver "time_core:inst8|counter_60_160:inst1|74160:inst1|9" File: c:/altera/91/quartus/libraries/megafunctions/comptree.tdf Line: 140
Error: The node "SoundCtr:inst31|lpm_compare0:inst|lpm_compare:lpm_compare_component|comptree:comparator|cmpchain:cmp_end|_" has multiple drivers due to the non-tri-state driver "time_core:inst8|counter_60_160:inst1|74160:inst1|8" File: c:/altera/91/quartus/libraries/megafunctions/comptree.tdf Line: 140
Error: The node "SoundCtr:inst31|lpm_compare0:inst|lpm_compare:lpm_compare_component|comptree:comparator|cmpchain:cmp_end|ecasc[0]" has multiple drivers due to the non-tri-state driver "time_core:inst8|counter_60_160:inst1|74160:inst1|7" File: c:/altera/91/quartus/libraries/megafunctions/cmpchain.tdf Line: 259
Error: The node "SoundCtr:inst31|lpm_compare0:inst|lpm_compare:lpm_compare_component|comptree:comparator|cmpchain:cmp_end|ecasc[0]" has multiple drivers due to the non-tri-state driver "time_core:inst8|counter_60_160:inst1|74160:inst1|6" File: c:/altera/91/quartus/libraries/megafunctions/cmpchain.tdf Line: 259
Warning: Tri-state node(s) do not directly drive top-level pin(s)
    Warning: Converted the fan-out from the tri-state buffer "SoundCtr:inst31|inst13[1]" to the node "SoundCtr:inst31|lpm_compare0:inst|lpm_compare:lpm_compare_component|comptree:comparator|cmpchain:cmp[0]|ecasc[0]" into an OR gate
    Warning: Converted the fan-out from the tri-state buffer "SoundCtr:inst31|inst13[0]" to the node "SoundCtr:inst31|lpm_compare0:inst|lpm_compare:lpm_compare_component|comptree:comparator|cmpchain:cmp[0]|ecasc[0]" into an OR gate
    Warning: Converted the fan-out from the tri-state buffer "SoundCtr:inst31|inst13[3]" to the node "SoundCtr:inst31|lpm_compare0:inst|lpm_compare:lpm_compare_component|comptree:comparator|cmpchain:cmp[0]|_" into an OR gate
    Warning: Converted the fan-out from the tri-state buffer "SoundCtr:inst31|inst13[2]" to the node "SoundCtr:inst31|lpm_compare0:inst|lpm_compare:lpm_compare_component|comptree:comparator|cmpchain:cmp[0]|_" into an OR gate
    Warning: Converted the fan-out from the tri-state buffer "SoundCtr:inst31|inst13[5]" to the node "SoundCtr:inst31|lpm_compare0:inst|lpm_compare:lpm_compare_component|comptree:comparator|cmpchain:cmp[0]|_" into an OR gate
    Warning: Converted the fan-out from the tri-state buffer "SoundCtr:inst31|inst13[4]" to the node "SoundCtr:inst31|lpm_compare0:inst|lpm_compare:lpm_compare_component|comptree:comparator|cmpchain:cmp[0]|_" into an OR gate
    Warning: Converted the fan-out from the tri-state buffer "SoundCtr:inst31|inst13[7]" to the node "SoundCtr:inst31|lpm_compare0:inst|lpm_compare:lpm_compare_component|comptree:comparator|cmpchain:cmp[0]|_" into an OR gate
    Warning: Converted the fan-out from the tri-state buffer "SoundCtr:inst31|inst13[6]" to the node "SoundCtr:inst31|lpm_compare0:inst|lpm_compare:lpm_compare_component|comptree:comparator|cmpchain:cmp[0]|_" into an OR gate
    Warning: Converted the fan-out from the tri-state buffer "SoundCtr:inst31|inst13[9]" to the node "SoundCtr:inst31|lpm_compare0:inst|lpm_compare:lpm_compare_component|comptree:comparator|cmpchain:cmp[0]|_" into an OR gate
    Warning: Converted the fan-out from the tri-state buffer "SoundCtr:inst31|inst13[8]" to the node "SoundCtr:inst31|lpm_compare0:inst|lpm_compare:lpm_compare_component|comptree:comparator|cmpchain:cmp[0]|_" into an OR gate
    Warning: Converted the fan-out from the tri-state buffer "SoundCtr:inst31|inst13[11]" to the node "SoundCtr:inst31|lpm_compare0:inst|lpm_compare:lpm_compare_component|comptree:comparator|cmpchain:cmp[0]|_" into an OR gate
    Warning: Converted the fan-out from the tri-state buffer "SoundCtr:inst31|inst13[10]" to the node "SoundCtr:inst31|lpm_compare0:inst|lpm_compare:lpm_compare_component|comptree:comparator|cmpchain:cmp[0]|_" into an OR gate
    Warning: Converted the fan-out from the tri-state buffer "SoundCtr:inst31|inst13[13]" to the node "SoundCtr:inst31|lpm_compare0:inst|lpm_compare:lpm_compare_component|comptree:comparator|cmpchain:cmp[0]|_" into an OR gate
    Warning: Converted the fan-out from the tri-state buffer "SoundCtr:inst31|inst13[12]" to the node "SoundCtr:inst31|lpm_compare0:inst|lpm_compare:lpm_compare_component|comptree:comparator|cmpchain:cmp[0]|_" into an OR gate
    Warning: Converted the fan-out from the tri-state buffer "SoundCtr:inst31|inst13[15]" to the node "SoundCtr:inst31|lpm_compare0:inst|lpm_compare:lpm_compare_component|comptree:comparator|cmpchain:cmp[0]|_" into an OR gate
    Warning: Converted the fan-out from the tri-state buffer "SoundCtr:inst31|inst13[14]" to the node "SoundCtr:inst31|lpm_compare0:inst|lpm_compare:lpm_compare_component|comptree:comparator|cmpchain:cmp[0]|_" into an OR gate
    Warning: Converted the fan-out from the tri-state buffer "SoundCtr:inst31|inst13[17]" to the node "SoundCtr:inst31|lpm_compare0:inst|lpm_compare:lpm_compare_component|comptree:comparator|cmpchain:cmp_end|ecasc[0]" into an OR gate
    Warning: Converted the fan-out from the tri-state buffer "SoundCtr:inst31|inst13[16]" to the node "SoundCtr:inst31|lpm_compare0:inst|lpm_compare:lpm_compare_component|comptree:comparator|cmpchain:cmp_end|ecasc[0]" into an OR gate
    Warning: Converted the fan-out from the tri-state buffer "SoundCtr:inst31|inst13[19]" to the node "SoundCtr:inst31|lpm_compare0:inst|lpm_compare:lpm_compare_component|comptree:comparator|cmpchain:cmp_end|_" into an OR gate
    Warning: Converted the fan-out from the tri-state buffer "SoundCtr:inst31|inst13[18]" to the node "SoundCtr:inst31|lpm_compare0:inst|lpm_compare:lpm_compare_component|comptree:comparator|cmpchain:cmp_end|_" into an OR gate
    Warning: Converted the fan-out from the tri-state buffer "SoundCtr:inst31|inst13[21]" to the node "SoundCtr:inst31|lpm_compare0:inst|lpm_compare:lpm_compare_component|comptree:comparator|cmpchain:cmp_end|_" into an OR gate
    Warning: Converted the fan-out from the tri-state buffer "SoundCtr:inst31|inst13[20]" to the node "SoundCtr:inst31|lpm_compare0:inst|lpm_compare:lpm_compare_component|comptree:comparator|cmpchain:cmp_end|_" into an OR gate
    Warning: Converted the fan-out from the tri-state buffer "SoundCtr:inst31|inst13[23]" to the node "SoundCtr:inst31|lpm_compare0:inst|lpm_compare:lpm_compare_component|comptree:comparator|cmpchain:cmp_end|_" into an OR gate
    Warning: Converted the fan-out from the tri-state buffer "SoundCtr:inst31|inst13[22]" to the node "SoundCtr:inst31|lpm_compare0:inst|lpm_compare:lpm_compare_component|comptree:comparator|cmpchain:cmp_end|_" into an OR gate
    Warning: Converted the fan-out from the tri-state buffer "SoundCtr:inst31|inst13[25]" to the node "SoundCtr:inst31|lpm_compare0:inst|lpm_compare:lpm_compare_component|comptree:comparator|cmpchain:cmp_end|_" into an OR gate
    Warning: Converted the fan-out from the tri-state buffer "SoundCtr:inst31|inst13[24]" to the node "SoundCtr:inst31|lpm_compare0:inst|lpm_compare:lpm_compare_component|comptree:comparator|cmpchain:cmp_end|_" into an OR gate
    Warning: Converted the fan-out from the tri-state buffer "SoundCtr:inst31|inst13[26]" to the node "SoundCtr:inst31|lpm_compare0:inst|lpm_compare:lpm_compare_component|comptree:comparator|cmpchain:cmp_end|_" into an OR gate
Error: Quartus II Analysis & Synthesis was unsuccessful. 27 errors, 88 warnings
    Error: Peak virtual memory: 221 megabytes
    Error: Processing ended: Fri Mar 29 13:14:39 2019
    Error: Elapsed time: 00:00:02
    Error: Total CPU time (on all processors): 00:00:01


