Analysis & Synthesis report for mgpue
Fri Mar 29 10:52:29 2019
Quartus II Version 9.1 Build 222 10/21/2009 SJ Full Version


---------------------
; Table of Contents ;
---------------------
  1. Legal Notice
  2. Analysis & Synthesis Summary
  3. Analysis & Synthesis Settings
  4. Parallel Compilation
  5. Analysis & Synthesis Source Files Read
  6. Analysis & Synthesis Resource Usage Summary
  7. Analysis & Synthesis Resource Utilization by Entity
  8. Parameter Settings for User Entity Instance: lpm_compare:mgl_prim1
  9. Analysis & Synthesis Messages



----------------
; Legal Notice ;
----------------
Copyright (C) 1991-2009 Altera Corporation
Your use of Altera Corporation's design tools, logic functions 
and other software and tools, and its AMPP partner logic 
functions, and any output files from any of the foregoing 
(including device programming or simulation files), and any 
associated documentation or information are expressly subject 
to the terms and conditions of the Altera Program License 
Subscription Agreement, Altera MegaCore Function License 
Agreement, or other applicable license agreement, including, 
without limitation, that your use is for the sole purpose of 
programming logic devices manufactured by Altera and sold by 
Altera or its authorized distributors.  Please refer to the 
applicable agreement for further details.



+------------------------------------------------------------------------+
; Analysis & Synthesis Summary                                           ;
+-----------------------------+------------------------------------------+
; Analysis & Synthesis Status ; Successful - Fri Mar 29 10:52:29 2019    ;
; Quartus II Version          ; 9.1 Build 222 10/21/2009 SJ Full Version ;
; Revision Name               ; mgpue                                    ;
; Top-level Entity Name       ; mgpue                                    ;
; Family                      ; MAX7000S                                 ;
; Total macrocells            ; 1                                        ;
; Total pins                  ; 55                                       ;
+-----------------------------+------------------------------------------+


+-----------------------------------------------------------------------------------------------------------+
; Analysis & Synthesis Settings                                                                             ;
+----------------------------------------------------------------------------+--------------+---------------+
; Option                                                                     ; Setting      ; Default Value ;
+----------------------------------------------------------------------------+--------------+---------------+
; Top-level entity name                                                      ; mgpue        ; mgpue         ;
; Family name                                                                ; MAX7000S     ; Stratix II    ;
; Use smart compilation                                                      ; Off          ; Off           ;
; Enable parallel Assembler and TimeQuest Timing Analyzer during compilation ; On           ; On            ;
; Enable compact report table                                                ; Off          ; Off           ;
; Create Debugging Nodes for IP Cores                                        ; Off          ; Off           ;
; Preserve fewer node names                                                  ; On           ; On            ;
; Disable OpenCore Plus hardware evaluation                                  ; Off          ; Off           ;
; Verilog Version                                                            ; Verilog_2001 ; Verilog_2001  ;
; VHDL Version                                                               ; VHDL_1993    ; VHDL_1993     ;
; State Machine Processing                                                   ; Auto         ; Auto          ;
; Safe State Machine                                                         ; Off          ; Off           ;
; Extract Verilog State Machines                                             ; On           ; On            ;
; Extract VHDL State Machines                                                ; On           ; On            ;
; Ignore Verilog initial constructs                                          ; Off          ; Off           ;
; Iteration limit for constant Verilog loops                                 ; 5000         ; 5000          ;
; Iteration limit for non-constant Verilog loops                             ; 250          ; 250           ;
; Add Pass-Through Logic to Inferred RAMs                                    ; On           ; On            ;
; Parallel Synthesis                                                         ; On           ; On            ;
; NOT Gate Push-Back                                                         ; On           ; On            ;
; Power-Up Don't Care                                                        ; On           ; On            ;
; Remove Duplicate Registers                                                 ; On           ; On            ;
; Ignore CARRY Buffers                                                       ; Off          ; Off           ;
; Ignore CASCADE Buffers                                                     ; Off          ; Off           ;
; Ignore GLOBAL Buffers                                                      ; Off          ; Off           ;
; Ignore ROW GLOBAL Buffers                                                  ; Off          ; Off           ;
; Ignore LCELL Buffers                                                       ; Auto         ; Auto          ;
; Ignore SOFT Buffers                                                        ; Off          ; Off           ;
; Limit AHDL Integers to 32 Bits                                             ; Off          ; Off           ;
; Optimization Technique                                                     ; Speed        ; Speed         ;
; Allow XOR Gate Usage                                                       ; On           ; On            ;
; Auto Logic Cell Insertion                                                  ; On           ; On            ;
; Parallel Expander Chain Length                                             ; 4            ; 4             ;
; Auto Parallel Expanders                                                    ; On           ; On            ;
; Auto Open-Drain Pins                                                       ; On           ; On            ;
; Auto Resource Sharing                                                      ; Off          ; Off           ;
; Maximum Fan-in Per Macrocell                                               ; 100          ; 100           ;
; Use LogicLock Constraints during Resource Balancing                        ; On           ; On            ;
; Ignore translate_off and synthesis_off directives                          ; Off          ; Off           ;
; Show Parameter Settings Tables in Synthesis Report                         ; On           ; On            ;
; HDL message level                                                          ; Level2       ; Level2        ;
; Suppress Register Optimization Related Messages                            ; Off          ; Off           ;
; Number of Removed Registers Reported in Synthesis Report                   ; 100          ; 100           ;
; Number of Inverted Registers Reported in Synthesis Report                  ; 100          ; 100           ;
; Block Design Naming                                                        ; Auto         ; Auto          ;
; Synthesis Effort                                                           ; Auto         ; Auto          ;
; Shift Register Replacement - Allow Asynchronous Clear Signal               ; On           ; On            ;
; Analysis & Synthesis Message Level                                         ; Medium       ; Medium        ;
; Disable Register Merging Across Hierarchies                                ; Auto         ; Auto          ;
+----------------------------------------------------------------------------+--------------+---------------+


+------------------------------------------+
; Parallel Compilation                     ;
+----------------------------+-------------+
; Processors                 ; Number      ;
+----------------------------+-------------+
; Number detected on machine ; 4           ;
; Maximum allowed            ; 4           ;
;                            ;             ;
; Average used               ; 1.00        ;
; Maximum used               ; 1           ;
;                            ;             ;
; Usage by Processor         ; % Time Used ;
;     1 processor            ; 100.0%      ;
;     2-4 processors         ;   0.0%      ;
+----------------------------+-------------+


+------------------------------------------------------------------------------------------------------------------------------------------------------------------------------------------------+
; Analysis & Synthesis Source Files Read                                                                                                                                                         ;
+--------------------------------------------------------------------------+-----------------+------------------------+--------------------------------------------------------------------------+
; File Name with User-Entered Path                                         ; Used in Netlist ; File Type              ; File Name with Absolute Path                                             ;
+--------------------------------------------------------------------------+-----------------+------------------------+--------------------------------------------------------------------------+
; C:/Users/Administrator/Desktop/e_clock29/greybox_tmp/greybox_tmp/mgpue.v ; yes             ; User Verilog HDL File  ; C:/Users/Administrator/Desktop/e_clock29/greybox_tmp/greybox_tmp/mgpue.v ;
; lpm_compare.tdf                                                          ; yes             ; Megafunction           ; c:/altera/91/quartus/libraries/megafunctions/lpm_compare.tdf             ;
; comptree.tdf                                                             ; yes             ; Megafunction           ; c:/altera/91/quartus/libraries/megafunctions/comptree.tdf                ;
; cmpchain.tdf                                                             ; yes             ; Megafunction           ; c:/altera/91/quartus/libraries/megafunctions/cmpchain.tdf                ;
; altshift.tdf                                                             ; yes             ; Megafunction           ; c:/altera/91/quartus/libraries/megafunctions/altshift.tdf                ;
+--------------------------------------------------------------------------+-----------------+------------------------+--------------------------------------------------------------------------+


+---------------------------------------------------------------------------------------------+
; Analysis & Synthesis Resource Usage Summary                                                 ;
+----------------------+----------------------------------------------------------------------+
; Resource             ; Usage                                                                ;
+----------------------+----------------------------------------------------------------------+
; Logic cells          ; 1                                                                    ;
; Total registers      ; 0                                                                    ;
; I/O pins             ; 55                                                                   ;
; Maximum fan-out node ; lpm_compare:mgl_prim1|comptree:comparator|cmpchain:cmp_end|aeb_out~5 ;
; Maximum fan-out      ; 1                                                                    ;
; Total fan-out        ; 28                                                                   ;
; Average fan-out      ; 0.50                                                                 ;
+----------------------+----------------------------------------------------------------------+


+------------------------------------------------------------------------------------------------------------------------------------+
; Analysis & Synthesis Resource Utilization by Entity                                                                                ;
+-----------------------------+------------+------+-------------------------------------------------------------------+--------------+
; Compilation Hierarchy Node  ; Macrocells ; Pins ; Full Hierarchy Name                                               ; Library Name ;
+-----------------------------+------------+------+-------------------------------------------------------------------+--------------+
; |mgpue                      ; 1          ; 55   ; |mgpue                                                            ; work         ;
;    |lpm_compare:mgl_prim1|  ; 1          ; 0    ; |mgpue|lpm_compare:mgl_prim1                                      ; work         ;
;       |comptree:comparator| ; 1          ; 0    ; |mgpue|lpm_compare:mgl_prim1|comptree:comparator                  ; work         ;
;          |cmpchain:cmp_end| ; 1          ; 0    ; |mgpue|lpm_compare:mgl_prim1|comptree:comparator|cmpchain:cmp_end ; work         ;
+-----------------------------+------------+------+-------------------------------------------------------------------+--------------+


+--------------------------------------------------------------------+
; Parameter Settings for User Entity Instance: lpm_compare:mgl_prim1 ;
+------------------------+----------+--------------------------------+
; Parameter Name         ; Value    ; Type                           ;
+------------------------+----------+--------------------------------+
; lpm_width              ; 27       ; Signed Integer                 ;
; LPM_REPRESENTATION     ; UNSIGNED ; Untyped                        ;
; LPM_PIPELINE           ; 0        ; Untyped                        ;
; CHAIN_SIZE             ; 8        ; Untyped                        ;
; ONE_INPUT_IS_CONSTANT  ; YES      ; Untyped                        ;
; CARRY_CHAIN            ; MANUAL   ; Untyped                        ;
; CASCADE_CHAIN          ; MANUAL   ; Untyped                        ;
; CARRY_CHAIN_LENGTH     ; 48       ; CARRY_CHAIN_LENGTH             ;
; CASCADE_CHAIN_LENGTH   ; 2        ; CASCADE_CHAIN_LENGTH           ;
; DEVICE_FAMILY          ; MAX7000S ; Untyped                        ;
; CBXI_PARAMETER         ; cmpr_6ui ; Untyped                        ;
; AUTO_CARRY_CHAINS      ; ON       ; AUTO_CARRY                     ;
; IGNORE_CARRY_BUFFERS   ; OFF      ; IGNORE_CARRY                   ;
; AUTO_CASCADE_CHAINS    ; ON       ; AUTO_CASCADE                   ;
; IGNORE_CASCADE_BUFFERS ; OFF      ; IGNORE_CASCADE                 ;
+------------------------+----------+--------------------------------+
Note: In order to hide this table in the UI and the text report file, please set the "Show Parameter Settings Tables in Synthesis Report" option in "Analysis and Synthesis Settings -> More Settings" to "Off".


+-------------------------------+
; Analysis & Synthesis Messages ;
+-------------------------------+
Info: *******************************************************************
Info: Running Quartus II Analysis & Synthesis
    Info: Version 9.1 Build 222 10/21/2009 SJ Full Version
    Info: Copyright (C) 1991-2009 Altera Corporation. All rights reserved.
    Info: Your use of Altera Corporation's design tools, logic functions 
    Info: and other software and tools, and its AMPP partner logic 
    Info: functions, and any output files from any of the foregoing 
    Info: (including device programming or simulation files), and any 
    Info: associated documentation or information are expressly subject 
    Info: to the terms and conditions of the Altera Program License 
    Info: Subscription Agreement, Altera MegaCore Function License 
    Info: Agreement, or other applicable license agreement, including, 
    Info: without limitation, that your use is for the sole purpose of 
    Info: programming logic devices manufactured by Altera and sold by 
    Info: Altera or its authorized distributors.  Please refer to the 
    Info: applicable agreement for further details.
    Info: Processing started: Fri Mar 29 10:52:28 2019
Info: Command: quartus_map mgpue --source=C:\Users\Administrator\Desktop\e_clock29\greybox_tmp/greybox_tmp/mgpue.v --ini=greybox_disable_cut_checks=on --family=MAX7000S
Info: Parallel compilation is enabled and will use 4 of the 4 processors detected
Info: Found 1 design units, including 1 entities, in source file mgpue.v
    Info: Found entity 1: mgpue
Info: Elaborating entity "mgpue" for the top level hierarchy
Info: Elaborating entity "lpm_compare" for hierarchy "lpm_compare:mgl_prim1"
Info: Elaborated megafunction instantiation "lpm_compare:mgl_prim1"
Info: Instantiated megafunction "lpm_compare:mgl_prim1" with the following parameter:
    Info: Parameter "lpm_representation" = "UNSIGNED"
    Info: Parameter "lpm_type" = "LPM_COMPARE"
    Info: Parameter "lpm_width" = "27"
    Info: Parameter "lpm_hint" = "ONE_INPUT_IS_CONSTANT=YES"
Info: Elaborating entity "comptree" for hierarchy "lpm_compare:mgl_prim1|comptree:comparator"
Info: Elaborated megafunction instantiation "lpm_compare:mgl_prim1|comptree:comparator", which is child of megafunction instantiation "lpm_compare:mgl_prim1"
Info: Elaborating entity "cmpchain" for hierarchy "lpm_compare:mgl_prim1|comptree:comparator|cmpchain:cmp_end"
Info: Elaborated megafunction instantiation "lpm_compare:mgl_prim1|comptree:comparator|cmpchain:cmp_end", which is child of megafunction instantiation "lpm_compare:mgl_prim1"
Info: Elaborating entity "altshift" for hierarchy "lpm_compare:mgl_prim1|altshift:aeb_ext_lat_ffs"
Info: Elaborated megafunction instantiation "lpm_compare:mgl_prim1|altshift:aeb_ext_lat_ffs", which is child of megafunction instantiation "lpm_compare:mgl_prim1"
Warning: Design contains 27 input pin(s) that do not drive logic
    Warning (15610): No output dependent on input pin "datab[0]"
    Warning (15610): No output dependent on input pin "datab[1]"
    Warning (15610): No output dependent on input pin "datab[2]"
    Warning (15610): No output dependent on input pin "datab[3]"
    Warning (15610): No output dependent on input pin "datab[4]"
    Warning (15610): No output dependent on input pin "datab[5]"
    Warning (15610): No output dependent on input pin "datab[6]"
    Warning (15610): No output dependent on input pin "datab[7]"
    Warning (15610): No output dependent on input pin "datab[8]"
    Warning (15610): No output dependent on input pin "datab[9]"
    Warning (15610): No output dependent on input pin "datab[10]"
    Warning (15610): No output dependent on input pin "datab[11]"
    Warning (15610): No output dependent on input pin "datab[12]"
    Warning (15610): No output dependent on input pin "datab[13]"
    Warning (15610): No output dependent on input pin "datab[14]"
    Warning (15610): No output dependent on input pin "datab[15]"
    Warning (15610): No output dependent on input pin "datab[16]"
    Warning (15610): No output dependent on input pin "datab[17]"
    Warning (15610): No output dependent on input pin "datab[18]"
    Warning (15610): No output dependent on input pin "datab[19]"
    Warning (15610): No output dependent on input pin "datab[20]"
    Warning (15610): No output dependent on input pin "datab[21]"
    Warning (15610): No output dependent on input pin "datab[22]"
    Warning (15610): No output dependent on input pin "datab[23]"
    Warning (15610): No output dependent on input pin "datab[24]"
    Warning (15610): No output dependent on input pin "datab[25]"
    Warning (15610): No output dependent on input pin "datab[26]"
Info: Implemented 56 device resources after synthesis - the final resource count might be different
    Info: Implemented 54 input pins
    Info: Implemented 1 output pins
    Info: Implemented 1 macrocells
Info: Quartus II Analysis & Synthesis was successful. 0 errors, 28 warnings
    Info: Peak virtual memory: 186 megabytes
    Info: Processing ended: Fri Mar 29 10:52:29 2019
    Info: Elapsed time: 00:00:01
    Info: Total CPU time (on all processors): 00:00:01


